> terraform plan



Terraform used the selected providers to generate the following execution plan. Resource actions are indicated with the following symbols:
  + create

Terraform will perform the following actions:

  # google_project_service.apis["aiplatform.googleapis.com"] will be created
  + resource "google_project_service" "apis" {
      + disable_on_destroy = true
      + id                 = (known after apply)
      + project            = "xxx"
      + service            = "aiplatform.googleapis.com"
    }

  # google_project_service.apis["bigquery.googleapis.com"] will be created
  + resource "google_project_service" "apis" {
      + disable_on_destroy = true
      + id                 = (known after apply)
      + project            = "xxx"
      + service            = "bigquery.googleapis.com"
    }

  # google_project_service.apis["cloudapis.googleapis.com"] will be created
  + resource "google_project_service" "apis" {
      + disable_on_destroy = true
      + id                 = (known after apply)
      + project            = "xxx"
      + service            = "cloudapis.googleapis.com"
    }

  # google_project_service.apis["cloudasset.googleapis.com"] will be created
  + resource "google_project_service" "apis" {
      + disable_on_destroy = true
      + id                 = (known after apply)
      + project            = "xxx"
      + service            = "cloudasset.googleapis.com"
    }

  # google_project_service.apis["compute.googleapis.com"] will be created
  + resource "google_project_service" "apis" {
      + disable_on_destroy = true
      + id                 = (known after apply)
      + project            = "xxx"
      + service            = "compute.googleapis.com"
    }

Plan: 5 to add, 0 to change, 0 to destroy.

───────────────────────────────────────────────────────────────────────────────────────────────────────────────────────────────────────────────────────────────────────────────────────

Note: You didn't use the -out option to save this plan, so Terraform can't guarantee to take exactly these actions if you run "terraform apply" now.
